<?xml version="1.0" encoding="UTF-8" ?>
<testsuite failures="0" time="0.953" errors="0" skipped="0" tests="3" name="com.savenko.hadoop.helloworld.LineIndexMapperTest">
  <properties>
[...]
</properties>
  <testcase time="0.736" classname="com.savenko.hadoop.helloworld.LineIndexMapperTest" name="testEmpty"/>
  <testcase time="0.088" classname="com.savenko.hadoop.helloworld.LineIndexMapperTest" name="testOneWord"/>
  <testcase time="0.088" classname="com.savenko.hadoop.helloworld.LineIndexMapperTest" name="testMultiWords"/>
</testsuite>